2025-11-08 12:44:01.292 [main] INFO  [sessionId=NO_SESSION]
        [reqId=] [traceId=] [spanId=] [parentSpan=]
        [uri=] [method=] [status=]
        [duration=ms] [clientIp=] [userAgent=]
        c.c.p.order.OrderServiceApplication - Starting OrderServiceApplication using Java 21.0.9 with PID 7324 (C:\mzdev\cloudx-java-azure-dev\petstore\petstoreorderservice\target\classes started by PrajjwalPandey in C:\mzdev\cloudx-java-azure-dev\petstore\petstoreorderservice)
2025-11-08 12:44:01.305 [main] INFO  [sessionId=NO_SESSION]
        [reqId=] [traceId=] [spanId=] [parentSpan=]
        [uri=] [method=] [status=]
        [duration=ms] [clientIp=] [userAgent=]
        c.c.p.order.OrderServiceApplication - No active profile set, falling back to 1 default profile: "default"
2025-11-08 12:44:04.521 [main] INFO  [sessionId=NO_SESSION]
        [reqId=] [traceId=] [spanId=] [parentSpan=]
        [uri=] [method=] [status=]
        [duration=ms] [clientIp=] [userAgent=]
        o.s.b.w.e.tomcat.TomcatWebServer - Tomcat initialized with port 8083 (http)
2025-11-08 12:44:04.567 [main] INFO  [sessionId=NO_SESSION]
        [reqId=] [traceId=] [spanId=] [parentSpan=]
        [uri=] [method=] [status=]
        [duration=ms] [clientIp=] [userAgent=]
        o.a.catalina.core.StandardService - Starting service [Tomcat]
2025-11-08 12:44:04.568 [main] INFO  [sessionId=NO_SESSION]
        [reqId=] [traceId=] [spanId=] [parentSpan=]
        [uri=] [method=] [status=]
        [duration=ms] [clientIp=] [userAgent=]
        o.a.catalina.core.StandardEngine - Starting Servlet engine: [Apache Tomcat/10.1.41]
2025-11-08 12:44:04.701 [main] INFO  [sessionId=NO_SESSION]
        [reqId=] [traceId=] [spanId=] [parentSpan=]
        [uri=] [method=] [status=]
        [duration=ms] [clientIp=] [userAgent=]
        o.a.c.c.C.[Tomcat].[localhost].[/] - Initializing Spring embedded WebApplicationContext
2025-11-08 12:44:04.702 [main] INFO  [sessionId=NO_SESSION]
        [reqId=] [traceId=] [spanId=] [parentSpan=]
        [uri=] [method=] [status=]
        [duration=ms] [clientIp=] [userAgent=]
        o.s.b.w.s.c.ServletWebServerApplicationContext - Root WebApplicationContext: initialization completed in 3327 ms
2025-11-08 12:44:05.225 [main] INFO  [sessionId=NO_SESSION]
        [reqId=] [traceId=] [spanId=] [parentSpan=]
        [uri=] [method=] [status=]
        [duration=ms] [clientIp=] [userAgent=]
        c.c.p.o.config.RestTemplateConfig - RestTemplate configured with TracingInterceptor for automatic header propagation
2025-11-08 12:44:06.724 [main] INFO  [sessionId=NO_SESSION]
        [reqId=] [traceId=] [spanId=] [parentSpan=]
        [uri=] [method=] [status=]
        [duration=ms] [clientIp=] [userAgent=]
        o.s.b.a.e.web.EndpointLinksResolver - Exposing 2 endpoints beneath base path '/actuator'
2025-11-08 12:44:06.896 [main] INFO  [sessionId=NO_SESSION]
        [reqId=] [traceId=] [spanId=] [parentSpan=]
        [uri=] [method=] [status=]
        [duration=ms] [clientIp=] [userAgent=]
        o.s.b.w.e.tomcat.TomcatWebServer - Tomcat started on port 8083 (http) with context path '/'
2025-11-08 12:44:06.931 [main] INFO  [sessionId=NO_SESSION]
        [reqId=] [traceId=] [spanId=] [parentSpan=]
        [uri=] [method=] [status=]
        [duration=ms] [clientIp=] [userAgent=]
        c.c.p.order.OrderServiceApplication - Started OrderServiceApplication in 6.893 seconds (process running for 7.743)
